<?xml version="1.0" encoding="UTF-8"?>
<!-- Generated by org.testng.reporters.JUnitXMLReporter -->
<testsuite ignored="0" hostname="DESKTOP-C9L0CMF" failures="0" tests="8" name="Default test" time="84.437" errors="0" timestamp="2021-09-02T16:12:12 IST">
  <testcase classname="com.qa.extentreport.Amazon_ExtentReport" name="@AfterTest EndReport" time="0.001">
    <failure type="java.lang.NullPointerException" message="Cannot invoke &amp;quot;org.openqa.selenium.WebDriver.quit()&amp;quot; because &amp;quot;this.driver&amp;quot; is null">
      <![CDATA[java.lang.NullPointerException: Cannot invoke "org.openqa.selenium.WebDriver.quit()" because "this.driver" is null
at com.qa.extentreport.Amazon_ExtentReport.EndReport(Amazon_ExtentReport.java:51)
at java.base/jdk.internal.reflect.NativeMethodAccessorImpl.invoke0(Native Method)
at java.base/jdk.internal.reflect.NativeMethodAccessorImpl.invoke(NativeMethodAccessorImpl.java:64)
at java.base/jdk.internal.reflect.DelegatingMethodAccessorImpl.invoke(DelegatingMethodAccessorImpl.java:43)
at java.base/java.lang.reflect.Method.invoke(Method.java:564)
at org.testng.internal.MethodInvocationHelper.invokeMethod(MethodInvocationHelper.java:133)
at org.testng.internal.MethodInvocationHelper.invokeMethodConsideringTimeout(MethodInvocationHelper.java:62)
at org.testng.internal.ConfigInvoker.invokeConfigurationMethod(ConfigInvoker.java:385)
at org.testng.internal.ConfigInvoker.invokeConfigurations(ConfigInvoker.java:321)
at org.testng.TestRunner.invokeTestConfigurations(TestRunner.java:637)
at org.testng.TestRunner.afterRun(TestRunner.java:877)
at org.testng.TestRunner.run(TestRunner.java:599)
at org.testng.SuiteRunner.runTest(SuiteRunner.java:377)
at org.testng.SuiteRunner.runSequentially(SuiteRunner.java:371)
at org.testng.SuiteRunner.privateRun(SuiteRunner.java:332)
at org.testng.SuiteRunner.run(SuiteRunner.java:276)
at org.testng.SuiteRunnerWorker.runSuite(SuiteRunnerWorker.java:53)
at org.testng.SuiteRunnerWorker.run(SuiteRunnerWorker.java:96)
at org.testng.TestNG.runSuitesSequentially(TestNG.java:1212)
at org.testng.TestNG.runSuitesLocally(TestNG.java:1134)
at org.testng.TestNG.runSuites(TestNG.java:1063)
at org.testng.TestNG.run(TestNG.java:1031)
at org.testng.remote.AbstractRemoteTestNG.run(AbstractRemoteTestNG.java:115)
at org.testng.remote.RemoteTestNG.initAndRun(RemoteTestNG.java:251)
at org.testng.remote.RemoteTestNG.main(RemoteTestNG.java:77)
]]>
    </failure>
  </testcase> <!-- @AfterTest EndReport -->
  <testcase classname="com.qa.testscripts.Amazon_Search_001" name="SearchItem" time="3.585"/>
  <testcase classname="com.qa.testscripts.Amazon_Search_001" name="SearchItem" time="6.103"/>
  <testcase classname="com.qa.testscripts.Amazon_Search_001" name="SearchItem" time="6.833"/>
  <testcase classname="com.qa.testscripts.Amazon_Search_001" name="SearchItem" time="3.19"/>
  <testcase classname="com.qa.testscripts.Screenshot" name="screenshotOfElement" time="1.404"/>
  <testcase classname="com.qa.testscripts.Screenshot" name="screenshotOfDriver" time="0.84"/>
  <testcase classname="com.qa.testscripts.Screenshot" name="screenshotOfFullPage" time="12.675"/>
  <testcase classname="com.qa.testscripts.Amazon_Search_002" name="Search" time="21.085"/>
</testsuite> <!-- Default test -->
